<?xml version="1.0" encoding="UTF-8"?>
<!-- Generated by org.testng.reporters.JUnitReportReporter -->
<testsuite hostname="GCS93-PC" failures="0" tests="1" name="Assign.Project.HomePage" time="15.806" errors="0" timestamp="2022-06-27T10:46:02 IST" skipped="0">
  <testcase classname="Assign.Project.HomePage" name="basePageNavigation" time="15.806"/>
  <system-out/>
</testsuite> <!-- Assign.Project.HomePage -->
