<?xml version="1.0" encoding="UTF-8"?>
<!-- Generated by org.testng.reporters.JUnitReportReporter -->
<testsuite hostname="GCS93-PC" failures="0" tests="1" name="Academy.E2EProject.HomePage" time="5.005" errors="0" timestamp="2022-06-16T13:32:03 IST" skipped="0">
  <testcase classname="Academy.E2EProject.HomePage" name="Navigation" time="5.005"/>
  <system-out/>
</testsuite> <!-- Academy.E2EProject.HomePage -->
