<?xml version="1.0" encoding="UTF-8"?>
<!-- Generated by org.testng.reporters.JUnitReportReporter -->
<testsuite hostname="GCS93-PC" failures="0" tests="1" name="Academy.E2EProject.Base" time="0.018" errors="0" timestamp="2022-06-16T11:14:48 IST" skipped="0">
  <testcase classname="Academy.E2EProject.Base" name="intializerDriver" time="0.018"/>
  <system-out/>
</testsuite> <!-- Academy.E2EProject.Base -->
