<?xml version="1.0" encoding="UTF-8"?>
<!-- Generated by org.testng.reporters.JUnitReportReporter -->
<testsuite hostname="GCS93-PC" failures="0" tests="2" name="qaClickacademy.Mavenjava.AppiumTest" time="0.007" errors="0" timestamp="2022-06-10T10:50:37 IST" skipped="0">
  <testcase classname="qaClickacademy.Mavenjava.AppiumTest" name="postAppium" time="0.007"/>
  <system-out/>
  <testcase classname="qaClickacademy.Mavenjava.AppiumTest" name="postAppium1" time="0.000"/>
  <system-out/>
</testsuite> <!-- qaClickacademy.Mavenjava.AppiumTest -->
