<?xml version="1.0" encoding="UTF-8"?>
<!-- Generated by org.testng.reporters.JUnitReportReporter -->
<testsuite hostname="GCS93-PC" failures="0" tests="2" name="qaClickacademy.Mavenjava.SeleniumTest" time="0.003" errors="0" timestamp="2022-06-10T10:50:37 IST" skipped="0">
  <testcase classname="qaClickacademy.Mavenjava.SeleniumTest" name="postAppium1" time="0.001"/>
  <system-out/>
  <testcase classname="qaClickacademy.Mavenjava.SeleniumTest" name="postAppium" time="0.002"/>
  <system-out/>
</testsuite> <!-- qaClickacademy.Mavenjava.SeleniumTest -->
