<?xml version="1.0" encoding="UTF-8"?>
<!-- Generated by org.testng.reporters.JUnitReportReporter -->
<testsuite hostname="GCS93-PC" failures="0" tests="1" name="TestCases.LoginPageApplication" time="11.393" errors="0" timestamp="2022-06-14T12:51:11 IST" skipped="0">
  <testcase classname="TestCases.LoginPageApplication" name="Login" time="11.393"/>
  <system-out/>
</testsuite> <!-- TestCases.LoginPageApplication -->
